[1/10] Performing build step for 'bootloader'
[1/1] cd /home/tvconss/Workspace/sensor_iot_trong_cong_nghiep_det_may/esp-idf/esp32cam_security_gate/build/bootloader/esp-idf/esptool_py && /home/tvconss/.espressif/python_env/idf5.3_py3.12_env/bin/python /home/tvconss/esp/esp-idf/components/partition_table/check_sizes.py --offset 0x8000 bootloader 0x1000 /home/tvconss/Workspace/sensor_iot_trong_cong_nghiep_det_may/esp-idf/esp32cam_security_gate/build/bootloader/bootloader.bin
Bootloader binary size 0x6720 bytes. 0x8e0 bytes (8%) free.
[2/10] Building C object esp-idf/setup_esp_websocket_client/CMakeFiles/__idf_setup_esp_websocket_client.dir/setup_esp_websocket_client.c.obj
In file included from /home/tvconss/Workspace/sensor_iot_trong_cong_nghiep_det_may/esp-idf/esp32cam_security_gate/main/components/setup_esp_websocket_client/include/setup_esp_websocket_client.h:2,
                 from /home/tvconss/Workspace/sensor_iot_trong_cong_nghiep_det_may/esp-idf/esp32cam_security_gate/main/components/setup_esp_websocket_client/setup_esp_websocket_client.c:1:
/home/tvconss/Workspace/sensor_iot_trong_cong_nghiep_det_may/esp-idf/esp32cam_security_gate/main/components/setup_esp32_cam/include/setup_esp32_cam.h:28:18: warning: 'init_camera' declared 'static' but never defined [-Wunused-function]
   28 | static esp_err_t init_camera(void);
      |                  ^~~~~~~~~~~
/home/tvconss/Workspace/sensor_iot_trong_cong_nghiep_det_may/esp-idf/esp32cam_security_gate/main/components/setup_esp_websocket_client/setup_esp_websocket_client.c:43:18: warning: 'esp_storage_init' defined but not used [-Wunused-function]
   43 | static esp_err_t esp_storage_init(void)
      |                  ^~~~~~~~~~~~~~~~
/home/tvconss/Workspace/sensor_iot_trong_cong_nghiep_det_may/esp-idf/esp32cam_security_gate/main/components/setup_esp32_cam/include/setup_esp32_cam.h:26:13: warning: 'camera_init_done' defined but not used [-Wunused-variable]
   26 | static bool camera_init_done;
      |             ^~~~~~~~~~~~~~~~
[3/10] No install step for 'bootloader'
[4/10] Linking C static library esp-idf/setup_esp_websocket_client/libsetup_esp_websocket_client.a
[5/10] Completed 'bootloader'
[6/10] Generating ld/sections.ld
warning: the int symbol BRIDGE_SOFTAP_MAX_CONNECT_NUMBER (defined at /home/tvconss/Workspace/sensor_iot_trong_cong_nghiep_det_may/esp-idf/esp32cam_security_gate/managed_components/espressif__iot_bridge/Kconfig:108) has a non-int default BRIDGE_CUSTOM_MAX_CONNECT_NUMBER (undefined)
[7/10] Linking CXX executable mesh_local_control.elf
[8/10] Generating binary image from built executable
esptool.py v4.8.dev4
Creating esp32 image...
Merged 2 ELF sections
Successfully created esp32 image.
Generated /home/tvconss/Workspace/sensor_iot_trong_cong_nghiep_det_may/esp-idf/esp32cam_security_gate/build/mesh_local_control.bin
[9/10] cd /home/tvconss/Workspace/sensor_iot_trong_cong_nghiep_det_may/esp-idf/esp32cam_security_gate/build/esp-idf/esptool_py && /home/tvconss/.espressif/python_env/idf5.3_py3.12_env/bin/python /home/tvconss/esp/esp-idf/components/partition_table/check_sizes.py --offset 0x8000 partition --type app /home/tvconss/Workspace/sensor_iot_trong_cong_nghiep_det_may/esp-idf/esp32cam_security_gate/build/partition_table/partition-table.bin /home/tvconss/Workspace/sensor_iot_trong_cong_nghiep_det_may/esp-idf/esp32cam_security_gate/build/mesh_local_control.bin
mesh_local_control.bin binary size 0x11fc70 bytes. Smallest app partition is 0x1e0000 bytes. 0xc0390 bytes (40%) free.
[9/10] cd /home/tvconss/esp/esp-idf/components/esptool_py && /usr/bin/cmake -D IDF_PATH=/home/tvconss/esp/esp-idf -D "SERIAL_TOOL=/home/tvconss/.espressif/python_env/idf5.3_py3.12_env/bin/python;;/home/tvconss/esp/esp-idf/components/esptool_py/esptool/esptool.py;--chip;esp32" -D "SERIAL_TOOL_ARGS=--before=default_reset;--after=hard_reset;write_flash;@flash_args" -D WORKING_DIRECTORY=/home/tvconss/Workspace/sensor_iot_trong_cong_nghiep_det_may/esp-idf/esp32cam_security_gate/build -P /home/tvconss/esp/esp-idf/components/esptool_py/run_serial_tool.cmake
esptool.py --chip esp32 -p /dev/ttyUSB0 -b 460800 --before=default_reset --after=hard_reset write_flash --flash_mode dio --flash_freq 40m --flash_size 4MB 0x1000 bootloader/bootloader.bin 0x10000 mesh_local_control.bin 0x8000 partition_table/partition-table.bin 0xd000 ota_data_initial.bin
esptool.py v4.8.dev4
Serial port /dev/ttyUSB0
Connecting....
Chip is ESP32-D0WD-V3 (revision v3.1)
Features: WiFi, BT, Dual Core, 240MHz, VRef calibration in efuse, Coding Scheme None
Crystal is 40MHz
MAC: 08:a6:f7:11:51:a8
Uploading stub...
Running stub...
Stub running...
Changing baud rate to 460800
Changed.
Configuring flash size...
Flash will be erased from 0x00001000 to 0x00007fff...
Flash will be erased from 0x00010000 to 0x0012ffff...
Flash will be erased from 0x00008000 to 0x00008fff...
Flash will be erased from 0x0000d000 to 0x0000efff...
SHA digest in image updated
Compressed 26400 bytes to 16224...
Writing at 0x00001000... (100 %)
Wrote 26400 bytes (16224 compressed) at 0x00001000 in 0.5 seconds (effective 416.5 kbit/s)...
Hash of data verified.
Compressed 1178736 bytes to 721346...
Writing at 0x00010000... (2 %)
Writing at 0x0001d7bd... (4 %)
Writing at 0x0002af2e... (6 %)
Writing at 0x000321fb... (8 %)
Writing at 0x00037037... (11 %)
Writing at 0x0004021c... (13 %)
Writing at 0x00049869... (15 %)
Writing at 0x0004f4f0... (17 %)
Writing at 0x000554b7... (20 %)
Writing at 0x0005b74a... (22 %)
Writing at 0x00060c73... (24 %)
Writing at 0x00066904... (26 %)
Writing at 0x0006e289... (28 %)
Writing at 0x0007420e... (31 %)
Writing at 0x0007a61d... (33 %)
Writing at 0x000803bc... (35 %)
Writing at 0x000864ed... (37 %)
Writing at 0x0008c3fa... (40 %)
Writing at 0x0009242d... (42 %)
Writing at 0x0009847b... (44 %)
Writing at 0x0009f08e... (46 %)
Writing at 0x000a4dd2... (48 %)
Writing at 0x000aac45... (51 %)
Writing at 0x000b1414... (53 %)
Writing at 0x000b70df... (55 %)
Traceback (most recent call last):
  File "/home/tvconss/.espressif/python_env/idf5.3_py3.12_env/lib/python3.12/site-packages/esptool/__init__.py", line 1170, in _main
    main()
  File "/home/tvconss/.espressif/python_env/idf5.3_py3.12_env/lib/python3.12/site-packages/esptool/__init__.py", line 954, in main
    operation_func(esp, args)
  File "/home/tvconss/.espressif/python_env/idf5.3_py3.12_env/lib/python3.12/site-packages/esptool/cmds.py", line 624, in write_flash
    esp.flash_defl_block(block, seq, timeout=timeout)
  File "/home/tvconss/.espressif/python_env/idf5.3_py3.12_env/lib/python3.12/site-packages/esptool/loader.py", line 133, in inner
    return func(*args, **kwargs)
           ^^^^^^^^^^^^^^^^^^^^^
  File "/home/tvconss/.espressif/python_env/idf5.3_py3.12_env/lib/python3.12/site-packages/esptool/loader.py", line 1102, in flash_defl_block
    self.check_command(
  File "/home/tvconss/.espressif/python_env/idf5.3_py3.12_env/lib/python3.12/site-packages/esptool/loader.py", line 492, in check_command
    val, data = self.command(op, data, chk, timeout=timeout)
                ^^^^^^^^^^^^^^^^^^^^^^^^^^^^^^^^^^^^^^^^^^^^
  File "/home/tvconss/.espressif/python_env/idf5.3_py3.12_env/lib/python3.12/site-packages/esptool/loader.py", line 461, in command
    p = self.read()
        ^^^^^^^^^^^
  File "/home/tvconss/.espressif/python_env/idf5.3_py3.12_env/lib/python3.12/site-packages/esptool/loader.py", line 394, in read
    return next(self._slip_reader)
           ^^^^^^^^^^^^^^^^^^^^^^^
StopIteration

A fatal error occurred: The chip stopped responding.
FAILED: CMakeFiles/flash /home/tvconss/Workspace/sensor_iot_trong_cong_nghiep_det_may/esp-idf/esp32cam_security_gate/build/CMakeFiles/flash 
cd /home/tvconss/esp/esp-idf/components/esptool_py && /usr/bin/cmake -D IDF_PATH=/home/tvconss/esp/esp-idf -D "SERIAL_TOOL=/home/tvconss/.espressif/python_env/idf5.3_py3.12_env/bin/python;;/home/tvconss/esp/esp-idf/components/esptool_py/esptool/esptool.py;--chip;esp32" -D "SERIAL_TOOL_ARGS=--before=default_reset;--after=hard_reset;write_flash;@flash_args" -D WORKING_DIRECTORY=/home/tvconss/Workspace/sensor_iot_trong_cong_nghiep_det_may/esp-idf/esp32cam_security_gate/build -P /home/tvconss/esp/esp-idf/components/esptool_py/run_serial_tool.cmake
ninja: build stopped: subcommand failed.
